2025-03-10T19:48:59.490Z [info]: Server is listening on http://localhost:8000
2025-03-10T19:50:29.666Z [info]: Server is listening on http://localhost:8000
2025-03-10T19:52:05.494Z [info]: Server is listening on http://localhost:8000
2025-03-10T20:06:39.972Z [info]: Server is listening on http://localhost:8000
2025-03-10T20:07:08.278Z [info]: Server is listening on http://localhost:8000
2025-03-10T20:09:27.758Z [info]: Server is listening on http://localhost:8000
2025-03-10T20:10:14.865Z [info]: Server is listening on http://localhost:8000
2025-03-10T20:11:21.759Z [info]: Server is listening on http://localhost:8000
2025-03-10T20:11:30.567Z [info]: Server is listening on http://localhost:8000
2025-03-11T18:19:01.280Z [info]: Server is listening on http://localhost:8000
2025-03-11T18:20:00.792Z [info]: Server is listening on http://localhost:8000
2025-03-11T18:20:42.306Z [info]: Server is listening on http://localhost:8000
2025-03-11T20:08:24.368Z [info]: Server is listening on http://localhost:8000
2025-03-11T20:09:35.053Z [info]: Server is listening on http://localhost:8000
2025-03-11T20:12:43.219Z [info]: Server is listening on http://localhost:8000
2025-03-11T20:13:01.707Z [info]: Server is listening on http://localhost:8000
2025-03-11T20:13:55.692Z [info]: Server is listening on http://localhost:8000
2025-03-11T20:14:16.838Z [info]: Server is listening on http://localhost:8000
2025-03-11T20:14:29.620Z [info]: Server is listening on http://localhost:8000
2025-03-11T20:14:56.663Z [info]: Server is listening on http://localhost:8000
2025-03-11T20:15:11.899Z [info]: Server is listening on http://localhost:8000
2025-03-11T20:15:37.908Z [info]: Server is listening on http://localhost:8000
2025-03-11T20:18:04.655Z [info]: Server is listening on http://localhost:8000
2025-03-11T20:18:16.682Z [info]: Server is listening on http://localhost:8000
2025-03-11T20:19:04.418Z [info]: Server is listening on http://localhost:8000
2025-03-11T20:21:04.040Z [info]: Server is listening on http://localhost:8000
2025-03-11T20:25:36.314Z [info]: Server is listening on http://localhost:8000
2025-03-12T17:08:08.498Z [error]: Testing error
2025-03-12T17:12:15.086Z [error]: Testing error
2025-03-12T17:12:35.377Z [error]: Testing error
2025-03-12T17:12:45.498Z [error]: Testing error
2025-03-12T17:17:40.583Z [error]: Testing error
2025-03-12T17:18:33.711Z [error]: Testing error
2025-03-12T17:34:39.942Z [error]: Testing error
2025-03-12T17:35:08.614Z [error]: Testing error
2025-03-12T17:37:44.514Z [error]: Testing error
2025-03-12T17:44:10.612Z [error]: Testing error
2025-03-12T17:46:38.268Z [error]: Testing error
2025-03-12T17:47:04.787Z [error]: Testing error
2025-03-12T17:53:57.592Z [error]: Testing error
2025-03-12T17:55:01.076Z [error]: Testing error
2025-03-12T17:55:01.085Z [error]: undefined
2025-03-12T18:38:45.249Z [info]: Server is listening on http://localhost:8000
2025-03-12T18:38:52.381Z [info]: [POST]: /ticket
2025-03-12T18:41:17.934Z [info]: Server is listening on http://localhost:8000
2025-03-12T18:41:20.117Z [info]: [POST]: /ticket
2025-03-12T18:41:35.164Z [info]: [GET]: /ticket
2025-03-12T18:41:52.859Z [info]: [GET]: /ticket
2025-03-12T18:42:12.814Z [info]: [GET]: /
2025-03-12T18:42:20.151Z [info]: [GET]: /ticket
2025-03-12T18:42:49.515Z [info]: Server is listening on http://localhost:8000
2025-03-12T18:43:33.717Z [info]: Server is listening on http://localhost:8000
2025-03-12T18:43:35.389Z [info]: [GET]: /ticket
2025-03-12T18:43:46.151Z [info]: [POST]: /ticket
2025-03-12T18:45:27.931Z [info]: Server is listening on http://localhost:8000
2025-03-12T18:45:30.899Z [info]: [POST]: /ticket
2025-03-12T18:45:31.088Z [error]: The provided key element does not match the schema
2025-03-12T18:45:48.320Z [info]: Server is listening on http://localhost:8000
2025-03-12T18:45:50.797Z [info]: [POST]: /ticket
2025-03-12T18:45:50.978Z [error]: The provided key element does not match the schema
2025-03-12T18:47:04.281Z [info]: Server is listening on http://localhost:8000
2025-03-12T18:47:06.390Z [info]: [POST]: /ticket
2025-03-12T18:47:49.146Z [info]: [POST]: /ticket
2025-03-12T20:03:56.296Z [info]: Server is listening on http://localhost:8000
2025-03-12T20:28:09.485Z [info]: Server is listening on http://localhost:8000
2025-03-12T20:32:41.175Z [info]: Server is listening on http://localhost:8000
2025-03-12T20:39:09.754Z [info]: Server is listening on http://localhost:8000
2025-03-12T20:40:17.549Z [info]: Server is listening on http://localhost:8000
2025-03-12T20:51:01.746Z [info]: Server is listening on http://localhost:8000
2025-03-12T20:51:05.178Z [info]: [POST]: /login
2025-03-12T20:51:05.382Z [error]: Invalid FilterExpression: An expression attribute value used in expression is not defined; attribute value: :password
2025-03-12T20:52:34.187Z [info]: Server is listening on http://localhost:8000
2025-03-12T20:52:36.444Z [info]: [POST]: /login
2025-03-12T20:52:42.889Z [info]: [POST]: /login
2025-03-12T20:52:47.273Z [info]: [POST]: /login
2025-03-12T20:52:49.841Z [info]: [POST]: /login
2025-03-12T20:57:08.911Z [info]: [POST]: /login
2025-03-12T20:58:21.545Z [info]: [POST]: /login
2025-03-12T20:59:49.755Z [info]: [POST]: /login
2025-03-12T21:09:35.210Z [info]: Server is listening on http://localhost:8000
2025-03-12T21:09:41.782Z [info]: [POST]: /login
2025-03-12T21:10:16.521Z [info]: Server is listening on http://localhost:8000
2025-03-12T21:10:20.664Z [info]: [POST]: /login
2025-03-12T21:10:36.586Z [info]: Server is listening on http://localhost:8000
2025-03-12T21:10:38.430Z [info]: [POST]: /login
2025-03-12T21:10:38.433Z [error]: documentClient.send is not a function
2025-03-12T21:11:35.464Z [info]: Server is listening on http://localhost:8000
2025-03-12T21:11:38.222Z [info]: [POST]: /login
2025-03-12T21:11:49.454Z [info]: [POST]: /login
2025-03-12T21:13:04.637Z [info]: Server is listening on http://localhost:8000
2025-03-12T21:49:35.164Z [info]: Server is listening on http://localhost:8000
2025-03-12T21:49:41.890Z [info]: [POST]: /register
2025-03-12T21:50:31.251Z [info]: Server is listening on http://localhost:8000
2025-03-12T21:50:34.635Z [info]: [POST]: /register
2025-03-12T21:50:43.774Z [info]: [POST]: /register
2025-03-12T21:50:46.586Z [info]: [POST]: /register
2025-03-12T21:50:53.855Z [info]: [POST]: /register
2025-03-12T21:51:23.589Z [info]: [POST]: /register
2025-03-12T21:55:02.088Z [info]: Server is listening on http://localhost:8000
2025-03-12T21:55:05.258Z [info]: [POST]: /register
2025-03-12T21:55:11.084Z [info]: [POST]: /login
2025-03-12T21:55:15.197Z [info]: [POST]: /login
2025-03-12T21:55:20.693Z [info]: [POST]: /login
2025-03-12T21:55:37.545Z [info]: [POST]: /login
2025-03-12T21:55:42.936Z [info]: [POST]: /login
2025-03-12T21:55:54.706Z [info]: [POST]: /ticket
2025-03-12T21:56:01.803Z [info]: [POST]: /ticket
2025-03-12T21:57:51.121Z [info]: Server is listening on http://localhost:8000
2025-03-12T21:57:53.142Z [info]: [POST]: /ticket
2025-03-12T21:58:43.418Z [info]: Server is listening on http://localhost:8000
2025-03-12T21:58:45.095Z [info]: [POST]: /ticket
2025-03-12T21:58:49.123Z [info]: [GET]: /ticket
2025-03-13T13:24:23.115Z [error]: Testing error
2025-03-13T13:24:23.121Z [error]: Testing error
2025-03-13T13:45:29.769Z [error]: Testing error
2025-03-13T13:45:29.778Z [error]: Testing error
2025-03-13T13:45:29.786Z [error]: Testing error
2025-03-13T13:47:03.529Z [error]: Testing error
2025-03-13T13:47:03.535Z [error]: Testing error
2025-03-13T13:47:03.542Z [error]: Testing error
2025-03-13T13:49:33.337Z [error]: Testing error
2025-03-13T13:49:33.343Z [error]: Testing error
2025-03-13T13:49:33.349Z [error]: Testing error
2025-03-13T13:50:02.574Z [error]: Testing error
2025-03-13T13:50:02.579Z [error]: Testing error
2025-03-13T13:50:02.581Z [error]: Testing error
2025-03-13T16:53:58.383Z [info]: Server is listening on http://localhost:8000
2025-03-13T16:54:07.727Z [info]: [POST]: /login
2025-03-13T16:54:58.526Z [info]: Server is listening on http://localhost:8000
2025-03-13T16:54:59.796Z [info]: [POST]: /login
2025-03-13T16:57:45.928Z [info]: Server is listening on http://localhost:8000
2025-03-13T16:58:10.797Z [info]: [POST]: /ticket
2025-03-13T16:59:11.206Z [info]: Server is listening on http://localhost:8000
2025-03-13T16:59:13.167Z [info]: [POST]: /ticket
2025-03-13T17:01:39.905Z [info]: Server is listening on http://localhost:8000
2025-03-13T17:01:41.499Z [info]: [POST]: /ticket
2025-03-13T17:07:07.414Z [info]: Server is listening on http://localhost:8000
2025-03-13T17:07:09.132Z [info]: [POST]: /ticket
2025-03-13T17:08:31.655Z [info]: Server is listening on http://localhost:8000
2025-03-13T17:08:34.553Z [info]: [POST]: /ticket
2025-03-13T17:09:12.957Z [info]: Server is listening on http://localhost:8000
2025-03-13T17:09:16.283Z [info]: [POST]: /ticket
2025-03-13T17:10:57.640Z [info]: Server is listening on http://localhost:8000
2025-03-13T17:11:00.433Z [info]: [POST]: /ticket
2025-03-13T17:11:00.435Z [error]: jwt expired
2025-03-13T18:23:18.609Z [info]: Server is listening on http://localhost:8000
2025-03-13T18:23:31.470Z [info]: [POST]: /login
2025-03-13T18:23:44.865Z [info]: [POST]: /ticket
2025-03-13T18:25:18.467Z [info]: Server is listening on http://localhost:8000
2025-03-13T18:25:20.866Z [info]: [POST]: /ticket
2025-03-13T18:25:44.911Z [info]: [POST]: /ticket
2025-03-13T18:25:45.102Z [error]: The provided key element does not match the schema
2025-03-13T18:26:28.088Z [info]: Server is listening on http://localhost:8000
2025-03-13T18:26:30.575Z [info]: [POST]: /ticket
2025-03-13T18:26:30.875Z [error]: The provided key element does not match the schema
2025-03-13T18:26:53.432Z [info]: Server is listening on http://localhost:8000
2025-03-13T18:26:56.284Z [info]: [POST]: /ticket
2025-03-13T18:31:24.126Z [info]: Server is listening on http://localhost:8000
2025-03-13T18:31:30.530Z [info]: [POST]: /login
2025-03-13T18:31:44.000Z [info]: [POST]: /ticket
2025-03-13T18:33:21.231Z [info]: Server is listening on http://localhost:8000
2025-03-13T18:33:23.332Z [info]: [POST]: /ticket
2025-03-13T18:33:53.206Z [info]: Server is listening on http://localhost:8000
2025-03-13T18:33:54.611Z [info]: [POST]: /ticket
2025-03-13T18:34:12.489Z [info]: Server is listening on http://localhost:8000
2025-03-13T18:34:13.742Z [info]: [POST]: /ticket
2025-03-13T18:35:01.133Z [info]: Server is listening on http://localhost:8000
2025-03-13T18:35:03.328Z [info]: [POST]: /ticket
2025-03-13T18:35:41.433Z [info]: Server is listening on http://localhost:8000
2025-03-13T18:35:42.883Z [info]: [POST]: /ticket
2025-03-13T18:36:53.426Z [info]: Server is listening on http://localhost:8000
2025-03-13T18:36:55.711Z [info]: [POST]: /ticket
2025-03-13T18:50:56.120Z [info]: Server is listening on http://localhost:8000
2025-03-13T18:51:03.381Z [info]: [POST]: /login
2025-03-13T18:51:24.301Z [info]: [POST]: /register
2025-03-13T18:52:12.274Z [info]: Server is listening on http://localhost:8000
2025-03-13T18:52:15.725Z [info]: [POST]: /register
2025-03-13T18:52:49.719Z [info]: [POST]: /register
2025-03-13T18:52:55.378Z [info]: [POST]: /login
2025-03-13T18:54:17.778Z [info]: Server is listening on http://localhost:8000
2025-03-13T18:54:18.880Z [info]: [POST]: /login
2025-03-13T18:54:23.861Z [info]: [POST]: /register
2025-03-13T18:54:27.171Z [info]: [POST]: /login
2025-03-13T18:56:58.177Z [info]: Server is listening on http://localhost:8000
2025-03-13T18:57:00.181Z [info]: [POST]: /login
2025-03-13T19:25:40.366Z [info]: Server is listening on http://localhost:8000
2025-03-13T19:25:49.943Z [info]: [POST]: /register
2025-03-13T19:25:53.523Z [info]: [POST]: /register
2025-03-13T19:25:57.310Z [info]: [POST]: /register
2025-03-13T19:26:25.692Z [info]: [POST]: /register
2025-03-13T19:26:48.375Z [info]: [POST]: /login
2025-03-13T19:26:56.898Z [info]: [POST]: /login
2025-03-13T19:27:03.275Z [info]: [POST]: /login
2025-03-13T19:27:06.976Z [info]: [POST]: /login
2025-03-13T19:27:13.063Z [info]: [POST]: /login
2025-03-13T19:27:27.661Z [info]: [POST]: /ticket
2025-03-13T19:30:35.009Z [info]: Server is listening on http://localhost:8000
2025-03-13T19:30:37.000Z [info]: [POST]: /user/login
2025-03-13T19:58:24.362Z [info]: Server is listening on http://localhost:8000
2025-03-13T20:00:22.970Z [info]: Server is listening on http://localhost:8000
2025-03-13T20:00:25.673Z [info]: [POST]: /user/register
2025-03-13T20:00:32.190Z [info]: [POST]: /user/register
2025-03-13T20:00:37.594Z [info]: [POST]: /user/register
2025-03-13T20:00:40.797Z [info]: [POST]: /user/register
2025-03-13T20:00:46.384Z [info]: [POST]: /user/login
2025-03-13T20:00:54.981Z [info]: [POST]: /user/login
2025-03-13T20:01:08.320Z [info]: [POST]: /user/login
2025-03-13T20:01:26.379Z [info]: [POST]: /ticket
2025-03-13T20:03:08.791Z [info]: [GET]: /ticket
2025-03-13T20:03:26.957Z [info]: [POST]: /ticket
2025-03-13T20:03:26.958Z [error]: jwt malformed
2025-03-13T20:03:40.716Z [info]: [POST]: /ticket
2025-03-13T20:06:48.417Z [info]: Server is listening on http://localhost:8000
2025-03-13T20:06:52.564Z [info]: [POST]: /ticket
2025-03-13T20:06:52.564Z [error]: jwt malformed
2025-03-13T20:06:52.753Z [error]: The provided key element does not match the schema
2025-03-13T20:10:55.831Z [info]: [POST]: /ticket
2025-03-13T20:10:55.832Z [error]: jwt malformed
2025-03-13T20:10:55.976Z [error]: The provided key element does not match the schema
2025-03-13T20:11:12.043Z [info]: [POST]: /ticket
2025-03-13T20:11:12.043Z [error]: jwt malformed
2025-03-13T20:11:12.083Z [error]: The provided key element does not match the schema
2025-03-13T20:13:38.839Z [info]: Server is listening on http://localhost:8000
2025-03-13T20:13:42.334Z [info]: [POST]: /ticket
2025-03-13T20:13:42.335Z [error]: jwt malformed
2025-03-13T20:14:50.402Z [info]: [GET]: /ticket
2025-03-13T20:14:59.181Z [info]: [POST]: /ticket
2025-03-13T20:15:39.755Z [info]: [POST]: /ticket
2025-03-13T20:16:01.224Z [info]: [POST]: /ticket
2025-03-13T20:16:01.227Z [error]: jwt expired
2025-03-14T17:42:42.823Z [info]: Server is listening on http://localhost:8000
2025-03-14T17:47:50.026Z [info]: [POST]: /user/login
2025-03-14T17:48:07.488Z [info]: [GET]: /ticket?status=Pending
2025-03-14T17:48:41.948Z [info]: Server is listening on http://localhost:8000
2025-03-14T17:48:45.161Z [info]: [GET]: /ticket?status=Pending
2025-03-14T17:49:15.162Z [info]: Server is listening on http://localhost:8000
2025-03-14T17:49:16.577Z [info]: [GET]: /ticket?status=Pending
2025-03-14T17:49:39.104Z [info]: Server is listening on http://localhost:8000
2025-03-14T17:49:41.518Z [info]: [GET]: /ticket?status=Pending
2025-03-14T17:50:31.659Z [info]: Server is listening on http://localhost:8000
2025-03-14T17:50:50.814Z [info]: [GET]: /ticket?status=Pending
2025-03-14T17:51:14.391Z [info]: Server is listening on http://localhost:8000
2025-03-14T17:51:15.995Z [info]: [GET]: /ticket?status=Pending
2025-03-14T17:52:11.904Z [info]: Server is listening on http://localhost:8000
2025-03-14T17:52:13.447Z [info]: [GET]: /ticket?status=Pending
2025-03-14T17:53:04.649Z [info]: Server is listening on http://localhost:8000
2025-03-14T17:53:11.074Z [info]: [GET]: /ticket?status=Pending
2025-03-14T17:53:42.700Z [info]: Server is listening on http://localhost:8000
2025-03-14T17:53:43.923Z [info]: [GET]: /ticket?status=Pending
2025-03-14T17:56:33.378Z [info]: Server is listening on http://localhost:8000
2025-03-14T17:56:35.191Z [info]: [GET]: /ticket?status=Pending
2025-03-14T17:57:28.791Z [info]: Server is listening on http://localhost:8000
2025-03-14T17:57:32.959Z [info]: [GET]: /ticket?status=Pending
2025-03-14T17:58:01.350Z [info]: Server is listening on http://localhost:8000
2025-03-14T17:58:03.501Z [info]: [GET]: /ticket?status=Pending
2025-03-14T17:58:24.384Z [info]: Server is listening on http://localhost:8000
2025-03-14T17:58:28.316Z [info]: [GET]: /ticket?status=Pending
2025-03-14T17:58:58.095Z [info]: Server is listening on http://localhost:8000
2025-03-14T17:59:01.085Z [info]: [GET]: /ticket?status=Pending
2025-03-14T18:02:40.530Z [info]: Server is listening on http://localhost:8000
2025-03-14T18:02:43.224Z [info]: [GET]: /ticket?status=Pending
2025-03-14T18:04:13.292Z [info]: Server is listening on http://localhost:8000
2025-03-14T18:04:15.866Z [info]: [GET]: /ticket?status=Pending
2025-03-14T18:04:15.868Z [error]: jwt expired
2025-03-14T18:04:24.666Z [info]: [POST]: /user/login
2025-03-14T18:04:36.384Z [info]: [GET]: /ticket?status=Pending
2025-03-14T18:07:55.961Z [info]: Server is listening on http://localhost:8000
2025-03-14T18:07:57.760Z [info]: [GET]: /ticket/user
2025-03-14T18:11:00.372Z [info]: Server is listening on http://localhost:8000
2025-03-14T18:11:04.856Z [info]: [GET]: /ticket?status=Pending
2025-03-14T18:11:05.068Z [error]: Invalid FilterExpression: Attribute name is a reserved keyword; reserved keyword: status
2025-03-14T18:13:00.028Z [info]: Server is listening on http://localhost:8000
2025-03-14T18:13:02.858Z [info]: [GET]: /ticket?status=Pending
2025-03-14T18:13:03.050Z [error]: Invalid FilterExpression: Attribute name is a reserved keyword; reserved keyword: status
2025-03-14T18:15:05.351Z [info]: Server is listening on http://localhost:8000
2025-03-14T18:15:08.690Z [info]: [GET]: /ticket?status=Pending
2025-03-14T18:15:08.880Z [error]: Invalid FilterExpression: An expression attribute name used in the document path is not defined; attribute name: #status
2025-03-14T18:16:39.228Z [info]: Server is listening on http://localhost:8000
2025-03-14T18:16:42.949Z [info]: [GET]: /ticket?status=Pending
2025-03-14T18:21:11.560Z [info]: Server is listening on http://localhost:8000
2025-03-14T18:21:14.493Z [info]: [GET]: /ticket?status=Pending
2025-03-14T18:21:14.495Z [error]: jwt expired
2025-03-14T18:25:21.425Z [info]: [POST]: /user/login
2025-03-14T18:25:26.967Z [info]: [GET]: /ticket?status=Pending
2025-03-14T18:25:38.921Z [info]: Server is listening on http://localhost:8000
2025-03-14T18:25:40.741Z [info]: [GET]: /ticket?status=Pending
2025-03-14T18:33:14.721Z [info]: Server is listening on http://localhost:8000
2025-03-14T18:34:16.993Z [info]: Server is listening on http://localhost:8000
2025-03-14T18:34:19.688Z [info]: [GET]: /ticket/user
2025-03-14T18:34:19.691Z [error]: jwt expired
2025-03-14T18:34:26.379Z [info]: [POST]: /user/login
2025-03-14T18:34:28.663Z [info]: [GET]: /ticket/user
2025-03-14T18:34:28.665Z [error]: jwt expired
2025-03-14T18:34:37.353Z [info]: [POST]: /user/login
2025-03-14T18:34:47.532Z [info]: [GET]: /ticket/user
2025-03-14T18:35:09.271Z [info]: [GET]: /ticket
2025-03-14T18:36:14.182Z [info]: [GET]: /ticket
2025-03-14T18:37:49.606Z [info]: Server is listening on http://localhost:8000
2025-03-14T18:37:51.545Z [info]: [GET]: /ticket
2025-03-14T18:37:55.093Z [info]: [GET]: /ticket
2025-03-14T18:38:34.544Z [info]: Server is listening on http://localhost:8000
2025-03-14T18:38:35.849Z [info]: [GET]: /ticket
2025-03-14T18:39:16.676Z [info]: Server is listening on http://localhost:8000
2025-03-14T18:39:41.904Z [info]: [PUT]: /ticket
2025-03-14T18:40:28.789Z [info]: [PUT]: /ticket/4e9372bb-18be-4aa2-ae03-c71b97d5ebd0/updateStatus
2025-03-14T18:41:58.585Z [info]: Server is listening on http://localhost:8000
2025-03-14T18:42:01.624Z [info]: [PUT]: /ticket/4e9372bb-18be-4aa2-ae03-c71b97d5ebd0/updateStatus
2025-03-14T18:44:37.418Z [info]: Server is listening on http://localhost:8000
2025-03-14T18:44:43.996Z [info]: [PUT]: /ticket/4e9372bb-18be-4aa2-ae03-c71b97d5ebd0/updateStatus
2025-03-14T18:44:59.267Z [info]: Server is listening on http://localhost:8000
2025-03-14T18:45:02.103Z [info]: [PUT]: /ticket/4e9372bb-18be-4aa2-ae03-c71b97d5ebd0/updateStatus
2025-03-14T18:45:02.321Z [error]: ExpressionAttributeValues must not be empty
2025-03-14T18:45:58.767Z [info]: Server is listening on http://localhost:8000
2025-03-14T18:46:05.998Z [info]: [PUT]: /ticket/4e9372bb-18be-4aa2-ae03-c71b97d5ebd0/updateStatus
2025-03-14T18:46:06.226Z [error]: ExpressionAttributeValues must not be empty
2025-03-14T18:46:30.860Z [info]: Server is listening on http://localhost:8000
2025-03-14T18:46:33.819Z [info]: [PUT]: /ticket/4e9372bb-18be-4aa2-ae03-c71b97d5ebd0/updateStatus
2025-03-14T18:46:34.056Z [error]: Invalid UpdateExpression: Attribute name is a reserved keyword; reserved keyword: status
2025-03-14T18:47:18.968Z [info]: Server is listening on http://localhost:8000
2025-03-14T18:47:21.322Z [info]: [PUT]: /ticket/4e9372bb-18be-4aa2-ae03-c71b97d5ebd0/updateStatus
2025-03-14T18:47:31.322Z [info]: [GET]: /ticket/user
2025-03-14T18:49:03.961Z [info]: Server is listening on http://localhost:8000
2025-03-14T18:49:11.311Z [info]: [POST]: /ticket
2025-03-14T19:07:49.468Z [info]: Server is listening on http://localhost:8000
2025-03-14T19:08:11.447Z [info]: [GET]: /ticket
2025-03-14T19:08:11.449Z [error]: jwt expired
2025-03-14T19:08:18.730Z [info]: [POST]: /user/login
2025-03-14T19:08:24.041Z [info]: [GET]: /ticket
2025-03-14T19:08:46.799Z [info]: [POST]: /user/login
2025-03-14T19:10:03.854Z [info]: [POST]: /user/login
2025-03-14T19:10:08.734Z [info]: [GET]: /ticket?status=Pending
2025-03-14T19:10:47.079Z [info]: [POST]: /user/login
2025-03-14T19:10:52.365Z [info]: [GET]: /ticket?status=Pending
2025-03-14T19:11:30.993Z [info]: Server is listening on http://localhost:8000
2025-03-14T19:11:34.858Z [info]: [GET]: /ticket?status=Pending
2025-03-14T19:13:38.814Z [info]: Server is listening on http://localhost:8000
2025-03-14T19:13:44.094Z [info]: [PUT]: /ticket/4e9372bb-18be-4aa2-ae03-c71b97d5ebd0/updateStatus
2025-03-14T19:13:44.095Z [error]: jwt malformed
2025-03-14T19:14:06.685Z [info]: [PUT]: /ticket/4e9372bb-18be-4aa2-ae03-c71b97d5ebd0/updateStatus
2025-03-14T19:14:06.686Z [error]: jwt malformed
2025-03-14T19:14:15.597Z [info]: Server is listening on http://localhost:8000
2025-03-14T19:14:19.120Z [info]: [POST]: /user/login
2025-03-14T19:14:24.918Z [info]: [POST]: /ticket
2025-03-14T19:14:39.276Z [info]: [PUT]: /ticket/4e9372bb-18be-4aa2-ae03-c71b97d5ebd0/updateStatus
2025-03-14T19:15:21.172Z [info]: [PUT]: /ticket/f52072d5-42e5-459f-a657-f83b2a3ee27e/updateStatus
2025-03-14T19:15:30.015Z [info]: [PUT]: /ticket/f52072d5-42e5-459f-a657-f83b2a3ee27e/updateStatus
2025-03-14T19:15:56.804Z [info]: [PUT]: /ticket/f52072d5-42e5-459f-a657-f83b2a3ee27e/updateStatus
2025-03-14T19:24:20.862Z [info]: Server is listening on http://localhost:8000
2025-03-14T19:24:38.589Z [info]: [GET]: /ticket/4e9372bb-18be-4aa2-ae03-c71b97d5ebd0/updateStatus
2025-03-14T19:24:45.444Z [info]: [GET]: /ticket/4e9372bb-18be-4aa2-ae03-c71b97d5ebd0/updateStatus
2025-03-14T19:24:51.754Z [info]: [GET]: /ticket/4e9372bb-18be-4aa2-ae03-c71b97d5ebd0/updateStatus
2025-03-14T19:25:02.772Z [info]: [PUT]: /ticket/4e9372bb-18be-4aa2-ae03-c71b97d5ebd0/updateStatus
2025-03-14T19:25:20.757Z [info]: [PUT]: /ticket/4e9372bb-18be-4aa2-ae03-c71b97d5ebd0/updateStatus
2025-03-14T19:25:38.399Z [info]: [PUT]: /ticket/4e9372bb-18be-4aa2-ae03-c71b97d5ebd0/updateStatus
2025-03-14T19:26:08.658Z [info]: [GET]: /ticket/4e9372bb-18be-4aa2-ae03-c71b97d5ebd0/updateStatus
2025-03-14T19:26:15.760Z [info]: [PUT]: /ticket/4e9372bb-18be-4aa2-ae03-c71b97d5ebd0/updateStatus
2025-03-14T19:26:36.112Z [info]: [PUT]: /ticket/updateStatus
2025-03-14T19:27:04.306Z [info]: [PUT]: /ticket/4e9372bb/updateStatus
2025-03-14T19:27:12.116Z [info]: [PUT]: /ticket/4e9372bb/updateStatus
2025-03-14T19:27:58.437Z [info]: [GET]: /ticket/4e9372bb-18be-4aa2-ae03-c71b97d5ebd0/updateStatus
2025-03-14T19:28:04.140Z [info]: [PUT]: /ticket/4e9372bb-18be-4aa2-ae03-c71b97d5ebd0/updateStatus
2025-03-14T19:28:22.702Z [info]: [GET]: /ticket/4e9372bb-18be-4aa2-ae03-c71b97d5ebd0/updateStatus
2025-03-14T19:28:27.594Z [info]: [PUT]: /ticket/4e9372bb-18be-4aa2-ae03-c71b97d5ebd0/updateStatus
2025-03-14T21:09:53.015Z [error]: Testing Error
2025-03-14T21:10:48.899Z [error]: Testing Error
2025-03-17T13:47:54.778Z [error]: Testing Error
2025-03-17T13:48:32.708Z [error]: Testing Error
2025-03-18T21:00:07.727Z [info]: Server is listening on http://localhost:8000
2025-03-18T21:00:41.796Z [info]: [POST]: /user/register
2025-03-18T21:03:35.139Z [info]: [POST]: /user/register
2025-03-18T21:04:05.460Z [info]: [POST]: /user/register
2025-03-18T21:04:08.208Z [info]: [POST]: /user/register
2025-03-18T21:04:11.361Z [info]: [POST]: /user/login
2025-03-18T21:04:14.779Z [info]: [POST]: /user/login
2025-03-18T21:04:17.382Z [info]: [POST]: /user/login
2025-03-18T21:04:20.667Z [info]: [POST]: /ticket
2025-03-18T21:04:23.186Z [info]: [POST]: /ticket
2025-03-18T21:04:23.187Z [error]: jwt expired
2025-03-18T21:04:26.155Z [info]: [POST]: /ticket
2025-03-18T21:04:26.156Z [error]: jwt malformed
2025-03-18T21:04:28.980Z [info]: [POST]: /ticket
2025-03-18T21:04:36.689Z [info]: [GET]: /ticket?status=Pending
2025-03-18T21:04:39.520Z [info]: [GET]: /ticket
2025-03-18T21:04:42.804Z [info]: [GET]: /ticket?status=Pending
2025-03-18T21:04:42.806Z [error]: jwt expired
2025-03-18T21:04:47.427Z [info]: [PUT]: /ticket/f52072d5-42e5-459f-a657-f83b2a3ee27e/updateStatus
2025-03-18T21:04:49.935Z [info]: [PUT]: /ticket/4e9372bb-18be-4aa2-ae03-c71b97d5ebd0/updateStatus
2025-03-18T21:04:53.347Z [info]: [PUT]: /ticket/4e9372bb-18be-4aa2-ae03-c71b97d5ebd0/updateStatus
2025-03-19T18:18:29.220Z [info]: Server is listening on http://localhost:8000
2025-03-19T18:22:50.813Z [info]: [POST]: /user/register
2025-03-19T18:24:30.942Z [info]: [POST]: /user/register
2025-03-19T18:24:36.854Z [info]: [POST]: /user/register
2025-03-19T18:26:00.743Z [info]: [POST]: /user/register
2025-03-19T18:26:53.421Z [info]: [POST]: /user/register
2025-03-19T18:27:00.098Z [info]: [POST]: /user/register
2025-03-19T18:28:35.745Z [info]: [POST]: /user/login
2025-03-19T18:29:11.868Z [info]: [POST]: /user/login
2025-03-19T18:29:35.945Z [info]: [POST]: /user/login
2025-03-19T18:29:43.002Z [info]: [POST]: /user/login
2025-03-19T18:30:21.683Z [info]: [POST]: /user/login
2025-03-19T18:30:30.634Z [info]: [POST]: /user/login
2025-03-19T18:31:03.066Z [info]: [POST]: /user/login
2025-03-19T18:31:30.705Z [info]: [POST]: /user/login
2025-03-19T18:31:38.083Z [info]: [POST]: /ticket
2025-03-19T18:32:23.129Z [info]: [POST]: /ticket
2025-03-19T18:32:38.272Z [info]: [POST]: /ticket
2025-03-19T18:32:38.274Z [error]: jwt expired
2025-03-19T18:32:49.213Z [info]: [POST]: /ticket
2025-03-19T18:33:50.048Z [info]: [POST]: /ticket
2025-03-19T18:35:15.459Z [info]: [POST]: /ticket
2025-03-19T18:35:33.370Z [info]: [POST]: /ticket
2025-03-19T18:36:00.869Z [info]: [POST]: /ticket
2025-03-19T18:36:00.869Z [error]: jwt malformed
2025-03-19T18:36:20.210Z [info]: [POST]: /ticket
2025-03-19T18:36:20.211Z [error]: jwt malformed
2025-03-19T18:36:25.621Z [info]: [POST]: /ticket
2025-03-19T18:36:25.622Z [error]: jwt malformed
2025-03-19T18:36:41.181Z [info]: [POST]: /ticket
2025-03-19T18:37:06.912Z [info]: [POST]: /ticket
2025-03-19T18:39:46.141Z [info]: [GET]: /ticket?status=Pending
2025-03-19T18:40:20.755Z [info]: [GET]: /ticket?status=Pending
2025-03-19T18:41:23.899Z [info]: [GET]: /ticket?status=Pending
2025-03-19T18:43:13.778Z [info]: [GET]: /ticket?status=Pending
2025-03-19T18:43:46.884Z [info]: [GET]: /ticket?status=Pending
2025-03-19T18:44:19.444Z [info]: [GET]: /ticket?status=Pending
2025-03-19T18:46:18.621Z [info]: [GET]: /ticket?status=Pending
2025-03-19T18:46:18.622Z [error]: jwt expired
2025-03-19T18:46:42.584Z [info]: [GET]: /ticket?status=Pending
2025-03-19T18:46:42.585Z [error]: jwt expired
2025-03-19T18:46:59.570Z [info]: [POST]: /user/login
2025-03-19T18:47:15.341Z [info]: [POST]: /user/login
2025-03-19T18:47:19.540Z [info]: [GET]: /ticket?status=Pending
2025-03-19T18:47:26.636Z [info]: [GET]: /ticket
2025-03-19T18:47:51.486Z [info]: [GET]: /ticket
2025-03-19T18:48:11.380Z [info]: [GET]: /ticket?status=Pending
2025-03-19T18:48:11.381Z [error]: jwt expired
2025-03-19T18:49:49.961Z [info]: [PUT]: /ticket/f52072d5-42e5-459f-a657-f83b2a3ee27e/updateStatus
2025-03-19T18:50:16.890Z [info]: [POST]: /user/login
2025-03-19T18:50:25.474Z [info]: [PUT]: /ticket/f52072d5-42e5-459f-a657-f83b2a3ee27e/updateStatus
2025-03-19T18:51:44.393Z [info]: [POST]: /user/login
2025-03-19T18:51:52.353Z [info]: [POST]: /ticket
2025-03-19T18:52:24.024Z [info]: [POST]: /ticket
2025-03-19T18:52:36.911Z [info]: [PUT]: /ticket/da3e7d82-729a-4fc0-aa3c-b3953398cf01/updateStatus
2025-03-19T18:52:42.079Z [info]: [POST]: /ticket
2025-03-19T18:52:56.871Z [info]: [PUT]: /ticket/5258ec9c-e07a-4152-8a6d-15fe6f4be669/updateStatus
2025-03-19T18:54:30.034Z [info]: [PUT]: /ticket/4e9372bb-18be-4aa2-ae03-c71b97d5ebd0/updateStatus
2025-03-19T18:54:48.973Z [info]: [PUT]: /ticket/4e9372bb-18be-4aa2-ae03-c71b97d5ebd0/updateStatus
2025-03-19T18:54:58.190Z [info]: [PUT]: /ticket/4e9372bb/updateStatus
2025-03-19T18:55:16.383Z [info]: [PUT]: /ticket/4e9372bb/updateStatus
2025-03-19T18:55:24.375Z [info]: [PUT]: /ticket/4e9372bb-18be-4aa2-ae03-c71b97d5ebd0/updateStatus
2025-03-19T18:55:46.239Z [info]: [PUT]: /ticket/4e9372bb-18be-4aa2-ae03-c71b97d5ebd0/updateStatus
2025-03-19T18:55:59.791Z [info]: [PUT]: /ticket/4e9372bb-18be-4aa2-ae03-c71b97d5ebd0/updateStatus
2025-03-19T18:56:23.358Z [info]: [PUT]: /ticket/4e9372bb-18be-4aa2-ae03-c71b97d5ebd0/updateStatus
2025-03-19T18:56:33.543Z [info]: [PUT]: /ticket/4e9372bb-18be-4aa2-ae03-c71b97d5ebd0/updateStatus
2025-03-19T18:56:40.261Z [info]: [GET]: /ticket/user
2025-03-19T18:57:03.339Z [info]: [GET]: /ticket?status=Pending
2025-03-19T18:57:14.870Z [info]: [GET]: /ticket?status=Pending
2025-03-19T18:57:26.584Z [info]: [GET]: /ticket/user
2025-03-19T18:58:59.025Z [info]: [GET]: /ticket/user
2025-03-19T18:59:11.419Z [info]: [GET]: /ticket/user
2025-03-19T18:59:34.530Z [info]: [POST]: /user/login
2025-03-19T18:59:34.705Z [info]: [POST]: /user/login
2025-03-19T18:59:34.862Z [info]: [POST]: /user/register
2025-03-19T18:59:35.062Z [info]: [POST]: /user/register
2025-03-19T18:59:35.155Z [info]: [POST]: /user/register
2025-03-19T18:59:35.325Z [info]: [POST]: /user/login
2025-03-19T18:59:35.464Z [info]: [POST]: /user/login
2025-03-19T18:59:35.649Z [info]: [POST]: /user/login
2025-03-19T18:59:35.712Z [info]: [POST]: /ticket
2025-03-19T18:59:35.791Z [info]: [POST]: /ticket
2025-03-19T18:59:35.885Z [info]: [POST]: /ticket
2025-03-19T18:59:35.886Z [error]: jwt malformed
2025-03-19T18:59:35.947Z [info]: [POST]: /ticket
2025-03-19T18:59:36.026Z [info]: [GET]: /ticket?status=Pending
2025-03-19T18:59:36.148Z [info]: [GET]: /ticket
2025-03-19T18:59:36.242Z [info]: [GET]: /ticket?status=Pending
2025-03-19T18:59:36.305Z [info]: [PUT]: /ticket/f52072d5-42e5-459f-a657-f83b2a3ee27e/updateStatus
2025-03-19T18:59:36.428Z [info]: [PUT]: /ticket/4e9372bb-18be-4aa2-ae03-c71b97d5ebd0/updateStatus
2025-03-19T18:59:36.537Z [info]: [PUT]: /ticket/4e9372bb-18be-4aa2-ae03-c71b97d5ebd0/updateStatus
2025-03-19T18:59:36.631Z [info]: [PUT]: /ticket/4e9372bb/updateStatus
2025-03-19T18:59:36.739Z [info]: [PUT]: /ticket/4e9372bb-18be-4aa2-ae03-c71b97d5ebd0/updateStatus
2025-03-19T18:59:36.815Z [info]: [PUT]: /ticket/4e9372bb-18be-4aa2-ae03-c71b97d5ebd0/updateStatus
2025-03-19T18:59:36.908Z [info]: [GET]: /ticket/user
2025-03-19T18:59:56.608Z [info]: [POST]: /user/login
2025-03-19T18:59:56.793Z [info]: [POST]: /user/login
2025-03-19T18:59:56.948Z [info]: [POST]: /user/register
2025-03-19T18:59:57.150Z [info]: [POST]: /user/register
2025-03-19T18:59:57.243Z [info]: [POST]: /user/register
2025-03-19T18:59:57.396Z [info]: [POST]: /user/login
2025-03-19T18:59:57.564Z [info]: [POST]: /user/login
2025-03-19T18:59:57.736Z [info]: [POST]: /user/login
2025-03-19T18:59:57.815Z [info]: [POST]: /ticket
2025-03-19T18:59:57.968Z [info]: [POST]: /ticket
2025-03-19T18:59:58.030Z [info]: [POST]: /ticket
2025-03-19T18:59:58.030Z [error]: jwt malformed
2025-03-19T18:59:58.124Z [info]: [POST]: /ticket
2025-03-19T18:59:58.202Z [info]: [GET]: /ticket?status=Pending
2025-03-19T18:59:58.309Z [info]: [GET]: /ticket
2025-03-19T18:59:58.387Z [info]: [GET]: /ticket?status=Pending
2025-03-19T18:59:58.453Z [info]: [PUT]: /ticket/f52072d5-42e5-459f-a657-f83b2a3ee27e/updateStatus
2025-03-19T18:59:58.544Z [info]: [PUT]: /ticket/4e9372bb-18be-4aa2-ae03-c71b97d5ebd0/updateStatus
2025-03-19T18:59:58.654Z [info]: [PUT]: /ticket/4e9372bb-18be-4aa2-ae03-c71b97d5ebd0/updateStatus
2025-03-19T18:59:58.762Z [info]: [PUT]: /ticket/4e9372bb/updateStatus
2025-03-19T18:59:58.887Z [info]: [PUT]: /ticket/4e9372bb-18be-4aa2-ae03-c71b97d5ebd0/updateStatus
2025-03-19T18:59:58.964Z [info]: [PUT]: /ticket/4e9372bb-18be-4aa2-ae03-c71b97d5ebd0/updateStatus
2025-03-19T18:59:59.026Z [info]: [GET]: /ticket/user
2025-03-19T19:00:48.348Z [info]: [PUT]: /ticket/da3e7d82-729a-4fc0-aa3c-b3953398cf01/updateStatus
2025-03-19T19:03:11.300Z [info]: [PUT]: /ticket/da3e7d82-729a-4fc0-aa3c-b3953398cf01/updateStatus
2025-03-19T19:03:40.407Z [info]: [PUT]: /ticket/da3e7d82-729a-4fc0-aa3c-b3953398cf01/updateStatus
2025-03-19T19:03:50.506Z [info]: [POST]: /user/login
2025-03-19T19:03:50.759Z [info]: [POST]: /user/login
2025-03-19T19:03:50.928Z [info]: [POST]: /user/register
2025-03-19T19:03:51.132Z [info]: [POST]: /user/register
2025-03-19T19:03:51.194Z [info]: [POST]: /user/register
2025-03-19T19:03:51.363Z [info]: [POST]: /user/login
2025-03-19T19:03:51.534Z [info]: [POST]: /user/login
2025-03-19T19:03:51.719Z [info]: [POST]: /user/login
2025-03-19T19:03:51.798Z [info]: [POST]: /ticket
2025-03-19T19:03:51.919Z [info]: [POST]: /ticket
2025-03-19T19:03:51.981Z [info]: [POST]: /ticket
2025-03-19T19:03:51.982Z [error]: jwt malformed
2025-03-19T19:03:52.027Z [info]: [POST]: /ticket
2025-03-19T19:03:52.107Z [info]: [GET]: /ticket?status=Pending
2025-03-19T19:03:52.232Z [info]: [GET]: /ticket
2025-03-19T19:03:52.311Z [info]: [GET]: /ticket?status=Pending
2025-03-19T19:03:52.377Z [info]: [PUT]: /ticket/da3e7d82-729a-4fc0-aa3c-b3953398cf01/updateStatus
2025-03-19T19:03:52.485Z [info]: [PUT]: /ticket/5258ec9c-e07a-4152-8a6d-15fe6f4be669/updateStatus
2025-03-19T19:03:52.579Z [info]: [PUT]: /ticket/4e9372bb-18be-4aa2-ae03-c71b97d5ebd0/updateStatus
2025-03-19T19:03:52.671Z [info]: [PUT]: /ticket/4e9372bb/updateStatus
2025-03-19T19:03:52.778Z [info]: [PUT]: /ticket/4e9372bb-18be-4aa2-ae03-c71b97d5ebd0/updateStatus
2025-03-19T19:03:52.856Z [info]: [PUT]: /ticket/4e9372bb-18be-4aa2-ae03-c71b97d5ebd0/updateStatus
2025-03-19T19:03:52.933Z [info]: [PUT]: /ticket/da3e7d82-729a-4fc0-aa3c-b3953398cf01/updateStatus
2025-03-19T19:03:53.028Z [info]: [GET]: /ticket/user
2025-03-19T19:04:11.300Z [info]: [PUT]: /ticket/da3e7d82-729a-4fc0-aa3c-b3953398cf01/updateStatus
2025-03-19T19:06:02.138Z [info]: [POST]: /user/login
2025-03-19T19:06:02.470Z [info]: [POST]: /user/login
2025-03-19T19:06:02.640Z [info]: [POST]: /user/register
2025-03-19T19:06:02.858Z [info]: [POST]: /user/register
2025-03-19T19:06:02.939Z [info]: [POST]: /user/register
2025-03-19T19:06:03.095Z [info]: [POST]: /user/login
2025-03-19T19:06:03.252Z [info]: [POST]: /user/login
2025-03-19T19:06:03.424Z [info]: [POST]: /user/login
2025-03-19T19:06:03.501Z [info]: [POST]: /ticket
2025-03-19T19:06:03.638Z [info]: [POST]: /ticket
2025-03-19T19:06:03.716Z [info]: [POST]: /ticket
2025-03-19T19:06:03.717Z [error]: jwt malformed
2025-03-19T19:06:03.809Z [info]: [POST]: /ticket
2025-03-19T19:06:03.888Z [info]: [GET]: /ticket?status=Pending
2025-03-19T19:06:03.983Z [info]: [GET]: /ticket
2025-03-19T19:06:04.078Z [info]: [GET]: /ticket?status=Pending
2025-03-19T19:06:04.156Z [info]: [PUT]: /ticket/18687485-2442-4835-8c36-4ff3aeb3d7b1/updateStatus
2025-03-19T19:06:04.293Z [info]: [PUT]: /ticket/f19af4bc-a026-4fc9-b1f4-6a0a9d8a968d/updateStatus
2025-03-19T19:06:04.432Z [info]: [PUT]: /ticket/4e9372bb-18be-4aa2-ae03-c71b97d5ebd0/updateStatus
2025-03-19T19:06:04.539Z [info]: [PUT]: /ticket/4e9372bb/updateStatus
2025-03-19T19:06:04.631Z [info]: [PUT]: /ticket/4e9372bb-18be-4aa2-ae03-c71b97d5ebd0/updateStatus
2025-03-19T19:06:04.724Z [info]: [PUT]: /ticket/4e9372bb-18be-4aa2-ae03-c71b97d5ebd0/updateStatus
2025-03-19T19:06:04.801Z [info]: [PUT]: /ticket/da3e7d82-729a-4fc0-aa3c-b3953398cf01/updateStatus
2025-03-19T19:06:04.863Z [info]: [GET]: /ticket/user
2025-03-19T19:54:09.930Z [error]: Testing Error
2025-03-20T14:19:04.129Z [error]: Testing Error
2025-03-20T14:19:33.119Z [info]: Server is listening on http://localhost:8000
2025-03-20T14:20:02.861Z [info]: [POST]: /user/login
2025-03-20T14:20:13.036Z [info]: [GET]: /ticket/user
2025-03-20T14:20:39.839Z [info]: Server is listening on http://localhost:8000
2025-03-20T14:20:42.458Z [info]: [GET]: /ticket/user
2025-03-20T14:21:18.168Z [info]: [GET]: /ticket/user?type=Travel
2025-03-20T14:21:28.371Z [info]: [GET]: /ticket/user?type=Travel
2025-03-20T14:21:28.372Z [error]: jwt expired
2025-03-20T14:21:43.907Z [info]: [POST]: /user/login
2025-03-20T14:21:50.110Z [info]: [GET]: /ticket/user?type=Travel
2025-03-20T14:25:17.602Z [info]: Server is listening on http://localhost:8000
2025-03-20T14:25:20.058Z [info]: [GET]: /ticket/user?type=Travel
2025-03-20T14:26:05.111Z [info]: Server is listening on http://localhost:8000
2025-03-20T14:26:06.726Z [info]: [GET]: /ticket/user?type=Travel
2025-03-20T14:26:30.197Z [info]: Server is listening on http://localhost:8000
2025-03-20T14:26:31.126Z [info]: [GET]: /ticket/user?type=Travel
2025-03-20T14:28:38.845Z [info]: Server is listening on http://localhost:8000
2025-03-20T14:29:08.273Z [info]: Server is listening on http://localhost:8000
2025-03-20T14:29:12.337Z [info]: [GET]: /ticket/user?type=Travel
2025-03-20T14:30:21.345Z [info]: Server is listening on http://localhost:8000
2025-03-20T14:30:24.121Z [info]: [GET]: /ticket/user?type=Travel
2025-03-20T14:33:13.067Z [info]: Server is listening on http://localhost:8000
2025-03-20T14:33:15.886Z [info]: [GET]: /ticket/user?type=Travel
2025-03-20T15:44:38.792Z [info]: Server is listening on http://localhost:8000
2025-03-20T15:44:48.264Z [info]: [POST]: /users/user/login
2025-03-20T15:44:55.466Z [info]: [GET]: /tickets/ticket?status=Pending
2025-03-20T15:57:59.008Z [info]: Server is listening on http://localhost:8000
2025-03-20T15:58:02.207Z [info]: [PUT]: /users/25a3da5e-9978-4609-969e-f04db30a2781/role
2025-03-20T15:58:14.331Z [info]: [PUT]: /users/user/25a3da5e-9978-4609-969e-f04db30a2781/role
2025-03-20T15:58:26.525Z [info]: [PUT]: /users/user/25a3da5e-9978-4609-969e-f04db30a2781/role
2025-03-20T16:04:08.203Z [info]: Server is listening on http://localhost:8000
2025-03-20T16:04:31.661Z [info]: [PUT]: /users/user/25a3da5e-9978-4609-969e-f04db30a2781/role
2025-03-20T16:04:31.665Z [error]: jwt expired
2025-03-20T16:04:38.931Z [info]: [POST]: /users/user/login
2025-03-20T16:04:44.823Z [info]: [PUT]: /users/user/25a3da5e-9978-4609-969e-f04db30a2781/role
2025-03-20T16:05:01.498Z [info]: Server is listening on http://localhost:8000
2025-03-20T16:05:04.448Z [info]: [PUT]: /users/user/25a3da5e-9978-4609-969e-f04db30a2781/role
2025-03-20T17:45:35.247Z [info]: Server is listening on http://localhost:8000
2025-03-20T17:45:41.402Z [info]: [POST]: /users/user/login
2025-03-20T17:45:44.675Z [info]: [PUT]: /users/user/25a3da5e-9978-4609-969e-f04db30a2781/role
2025-03-20T17:45:47.600Z [info]: [PUT]: /users/user/25a3da5e-9978-4609-969e-f04db30a2781/role
2025-03-20T17:45:50.760Z [info]: [PUT]: /users/user/25a3da5e-9978-4609-969e-f04db30a2781/role
2025-03-20T17:45:50.762Z [error]: jwt expired
2025-03-20T17:45:56.809Z [info]: [POST]: /users/user/login
2025-03-20T17:45:59.743Z [info]: [PUT]: /users/user/25a3da5e-9978-4609-969e-f04db30a2781/role
2025-03-20T17:46:07.099Z [info]: [PUT]: /users/user/25a3da5e-9978-4609-969e-f04db30a2781/role
2025-03-20T17:46:12.029Z [info]: [PUT]: /users/user/25a3da5e-9978-4609-969e-f04db30a2781/role
2025-03-20T17:46:15.470Z [info]: [PUT]: /users/user/45/role
2025-03-20T17:56:05.389Z [error]: Testing Error
2025-03-20T17:59:20.433Z [error]: Testing Error
2025-03-20T17:59:54.077Z [error]: Testing Error
2025-03-20T18:00:12.373Z [error]: Testing Error
2025-03-20T18:13:40.861Z [error]: Testing Error
2025-03-20T18:18:04.170Z [error]: Testing Error
2025-03-20T18:18:52.225Z [error]: Testing Error
2025-03-20T18:19:09.881Z [error]: Testing Error
2025-03-20T18:22:08.865Z [error]: Testing Error
2025-03-20T18:23:10.343Z [error]: Testing Error
2025-03-20T18:26:18.849Z [error]: Testing Error
2025-03-20T18:27:03.514Z [error]: Testing Error
2025-03-20T18:27:11.657Z [error]: Testing Error
2025-03-20T18:41:43.196Z [error]: Testing Error
2025-03-20T18:41:56.833Z [error]: Testing Error
2025-03-20T18:42:28.315Z [error]: Testing Error
2025-03-20T19:36:46.766Z [info]: Server is listening on http://localhost:8000
2025-03-20T19:37:44.514Z [info]: [POST]: /users/user/login
2025-03-20T19:37:47.479Z [info]: [PUT]: /users/user/account
2025-03-20T19:38:05.364Z [info]: Server is listening on http://localhost:8000
2025-03-20T19:38:07.745Z [info]: [PUT]: /users/user/account
2025-03-20T19:38:22.005Z [info]: Server is listening on http://localhost:8000
2025-03-20T19:38:23.990Z [info]: [PUT]: /users/user/account
2025-03-20T19:38:51.446Z [info]: Server is listening on http://localhost:8000
2025-03-20T19:38:53.300Z [info]: [PUT]: /users/user/account
2025-03-20T19:42:12.828Z [info]: [PUT]: /users/user/account
2025-03-20T19:42:23.185Z [info]: [PUT]: /users/user/account
2025-03-20T19:42:59.865Z [info]: Server is listening on http://localhost:8000
2025-03-20T19:43:32.283Z [info]: [PUT]: /users/user/account
2025-03-20T19:44:09.060Z [info]: Server is listening on http://localhost:8000
2025-03-20T19:44:10.893Z [info]: [PUT]: /users/user/account
2025-03-20T19:44:18.869Z [info]: [PUT]: /users/user/account
2025-03-20T19:44:24.716Z [info]: [PUT]: /users/user/account
2025-03-20T19:44:39.148Z [info]: [PUT]: /users/user/account
2025-03-20T19:58:44.438Z [error]: Testing Error
2025-03-20T20:01:31.954Z [error]: Testing Error
2025-03-20T20:06:20.236Z [info]: Server is listening on http://localhost:8000
2025-03-20T20:06:29.368Z [info]: [PUT]: /users/user/account
2025-03-20T20:06:29.373Z [error]: jwt expired
2025-03-20T20:06:35.398Z [info]: [POST]: /users/user/login
2025-03-20T20:06:39.552Z [info]: [PUT]: /users/user/account
2025-03-20T20:07:00.999Z [info]: [PUT]: /users/user/account
2025-03-20T20:07:39.280Z [info]: [PUT]: /users/user/account
2025-03-20T20:08:19.011Z [info]: [PUT]: /users/user/account
2025-03-20T20:08:59.407Z [info]: [POST]: /tickets
2025-03-20T20:09:01.694Z [info]: [POST]: /tickets
2025-03-20T20:13:12.761Z [info]: [POST]: /tickets
2025-03-20T20:13:19.980Z [info]: [POST]: /tickets
2025-03-20T20:16:12.250Z [info]: [POST]: /users
2025-03-20T20:17:02.848Z [info]: [POST]: /users
2025-03-20T20:25:45.502Z [info]: [POST]: /users/user/login
2025-03-20T20:25:45.722Z [info]: [POST]: /users/user/login
2025-03-20T20:25:45.857Z [info]: [POST]: /users
2025-03-20T20:25:46.046Z [info]: [POST]: /users
2025-03-20T20:25:46.122Z [info]: [POST]: /users
2025-03-20T20:25:46.291Z [info]: [POST]: /users/user/login
2025-03-20T20:25:46.430Z [info]: [POST]: /users/user/login
2025-03-20T20:25:46.585Z [info]: [POST]: /users/user/login
2025-03-20T20:25:46.677Z [info]: [POST]: /tickets
2025-03-20T20:25:46.830Z [info]: [POST]: /tickets
2025-03-20T20:25:46.907Z [info]: [POST]: /tickets
2025-03-20T20:25:46.908Z [error]: jwt malformed
2025-03-20T20:25:46.984Z [info]: [POST]: /tickets
2025-03-20T20:25:47.063Z [info]: [GET]: /tickets/ticket?status=Pending
2025-03-20T20:25:47.171Z [info]: [GET]: /tickets/ticket
2025-03-20T20:25:47.248Z [info]: [GET]: /tickets/ticket?status=Pending
2025-03-20T20:25:47.294Z [info]: [PUT]: /tickets/ticket/a8cb610d-dc62-4b5e-b614-d2716fe0d5d6/status
2025-03-20T20:25:47.387Z [info]: [PUT]: /tickets/ticket/c716af02-d1e5-4e32-8226-efed080fc2d4/status
2025-03-20T20:25:47.480Z [info]: [PUT]: /tickets/ticket/4e9372bb-18be-4aa2-ae03-c71b97d5ebd0/status
2025-03-20T20:25:47.589Z [info]: [PUT]: /tickets/ticket/4e9372bb/status
2025-03-20T20:25:47.695Z [info]: [PUT]: /tickets/ticket/4e9372bb-18be-4aa2-ae03-c71b97d5ebd0/status
2025-03-20T20:25:47.773Z [info]: [PUT]: /tickets/ticket/4e9372bb-18be-4aa2-ae03-c71b97d5ebd0/status
2025-03-20T20:25:47.837Z [info]: [PUT]: /tickets/ticket/da3e7d82-729a-4fc0-aa3c-b3953398cf01/status
2025-03-20T20:25:47.913Z [info]: [GET]: /tickets/user
2025-03-20T20:25:48.036Z [info]: [GET]: /tickets/user?type=Travel
2025-03-20T20:25:48.114Z [info]: [GET]: /tickets/user?type=sleep
2025-03-20T20:25:48.208Z [info]: [PUT]: /users/user/25a3da5e-9978-4609-969e-f04db30a2781/role
2025-03-20T20:25:48.363Z [info]: [PUT]: /users/user/66b7926c-3240-4772-bff6-2d0ce555acfb/role
2025-03-20T20:25:48.517Z [info]: [PUT]: /users/user/25a3da5e-9978-4609-969e-f04db30a2781/role
2025-03-20T20:25:48.597Z [info]: [PUT]: /users/user/25a3da5e-9978-4609-969e-f04db30a2781/role
2025-03-20T20:25:48.674Z [info]: [PUT]: /users/user/25a3da5e-9978-4609-969e-f04db30a2781/role
2025-03-20T20:25:48.752Z [info]: [PUT]: /users/user/45/role
2025-03-20T20:25:48.860Z [info]: [PUT]: /users/user/account
2025-03-20T20:25:49.075Z [info]: [PUT]: /users/user/account
2025-03-20T20:25:49.168Z [info]: [PUT]: /users/user/account
2025-03-20T20:25:49.259Z [info]: [PUT]: /users/user/account
2025-03-20T20:26:26.964Z [info]: [PUT]: /tickets/ticket/a8cb610d-dc62-4b5e-b614-d2716fe0d5d6/status
2025-03-20T20:27:50.655Z [info]: [PUT]: /tickets/ticket/a8cb610d-dc62-4b5e-b614-d2716fe0d5d6/status
2025-03-20T20:30:43.734Z [info]: [PUT]: /tickets/ticket/a8cb610d-dc62-4b5e-b614-d2716fe0d5d6/status
2025-03-20T20:30:51.953Z [info]: Server is listening on http://localhost:8000
2025-03-20T20:30:54.196Z [info]: [PUT]: /tickets/ticket/a8cb610d-dc62-4b5e-b614-d2716fe0d5d6/status
2025-03-20T20:32:55.946Z [info]: [PUT]: /tickets/ticket/577011cc-03f4-488e-ab7c-5ebebb9cc3c7/status
2025-03-20T20:33:42.571Z [info]: [POST]: /users/user/login
2025-03-20T20:33:42.746Z [info]: [POST]: /users/user/login
2025-03-20T20:33:42.822Z [info]: [POST]: /users
2025-03-20T20:33:42.994Z [info]: [POST]: /users
2025-03-20T20:33:43.056Z [info]: [POST]: /users
2025-03-20T20:33:43.182Z [info]: [POST]: /users/user/login
2025-03-20T20:33:43.350Z [info]: [POST]: /users/user/login
2025-03-20T20:33:43.503Z [info]: [POST]: /users/user/login
2025-03-20T20:33:43.582Z [info]: [POST]: /tickets
2025-03-20T20:33:43.583Z [error]: jwt malformed
2025-03-20T20:33:43.645Z [info]: [POST]: /tickets
2025-03-20T20:33:43.707Z [info]: [POST]: /tickets
2025-03-20T20:33:43.707Z [error]: jwt malformed
2025-03-20T20:33:43.783Z [info]: [POST]: /tickets
2025-03-20T20:33:43.860Z [info]: [GET]: /tickets/ticket?status=Pending
2025-03-20T20:33:43.982Z [info]: [GET]: /tickets/ticket
2025-03-20T20:33:44.059Z [info]: [GET]: /tickets/ticket?status=Pending
2025-03-20T20:33:44.060Z [error]: jwt malformed
2025-03-20T20:33:44.152Z [info]: [PUT]: /tickets/ticket/95575fac-7176-40ff-86c4-f2700241cc6a/status
2025-03-20T20:33:44.307Z [info]: [PUT]: /tickets/ticket/577011cc-03f4-488e-ab7c-5ebebb9cc3c7/status
2025-03-20T20:33:44.463Z [info]: [PUT]: /tickets/ticket/4e9372bb-18be-4aa2-ae03-c71b97d5ebd0/status
2025-03-20T20:33:44.602Z [info]: [PUT]: /tickets/ticket/4e9372bb/status
2025-03-20T20:33:44.710Z [info]: [PUT]: /tickets/ticket/4e9372bb-18be-4aa2-ae03-c71b97d5ebd0/status
2025-03-20T20:33:44.801Z [info]: [PUT]: /tickets/ticket/4e9372bb-18be-4aa2-ae03-c71b97d5ebd0/status
2025-03-20T20:33:44.879Z [info]: [PUT]: /tickets/ticket/da3e7d82-729a-4fc0-aa3c-b3953398cf01/status
2025-03-20T20:33:44.880Z [error]: jwt malformed
2025-03-20T20:33:44.941Z [info]: [PUT]: /tickets/ticket/a8cb610d-dc62-4b5e-b614-d2716fe0d5d6/status
2025-03-20T20:33:45.047Z [info]: [GET]: /tickets/user
2025-03-20T20:33:45.171Z [info]: [GET]: /tickets/user?type=Travel
2025-03-20T20:33:45.171Z [error]: jwt malformed
2025-03-20T20:33:45.248Z [info]: [GET]: /tickets/user?type=sleep
2025-03-20T20:33:45.248Z [error]: jwt malformed
2025-03-20T20:33:45.339Z [info]: [PUT]: /users/user/25a3da5e-9978-4609-969e-f04db30a2781/role
2025-03-20T20:33:45.495Z [info]: [PUT]: /users/user/66b7926c-3240-4772-bff6-2d0ce555acfb/role
2025-03-20T20:33:45.666Z [info]: [PUT]: /users/user/25a3da5e-9978-4609-969e-f04db30a2781/role
2025-03-20T20:33:45.666Z [error]: jwt malformed
2025-03-20T20:33:45.744Z [info]: [PUT]: /users/user/25a3da5e-9978-4609-969e-f04db30a2781/role
2025-03-20T20:33:45.834Z [info]: [PUT]: /users/user/25a3da5e-9978-4609-969e-f04db30a2781/role
2025-03-20T20:33:45.912Z [info]: [PUT]: /users/user/45/role
2025-03-20T20:33:46.005Z [info]: [PUT]: /users/user/account
2025-03-20T20:33:46.006Z [error]: jwt malformed
2025-03-20T20:33:46.083Z [info]: [PUT]: /users/user/account
2025-03-20T20:33:46.084Z [error]: jwt malformed
2025-03-20T20:33:46.161Z [info]: [PUT]: /users/user/account
2025-03-20T20:33:46.161Z [error]: jwt malformed
2025-03-20T20:33:46.237Z [info]: [PUT]: /users/user/account
2025-03-20T20:33:46.237Z [error]: jwt malformed
2025-03-20T20:34:43.653Z [info]: [POST]: /users/user/login
2025-03-20T20:34:43.803Z [info]: [POST]: /users/user/login
2025-03-20T20:34:43.926Z [info]: [POST]: /users
2025-03-20T20:34:44.113Z [info]: [POST]: /users
2025-03-20T20:34:44.191Z [info]: [POST]: /users
2025-03-20T20:34:44.332Z [info]: [POST]: /users/user/login
2025-03-20T20:34:44.500Z [info]: [POST]: /users/user/login
2025-03-20T20:34:44.655Z [info]: [POST]: /users/user/login
2025-03-20T20:34:44.734Z [info]: [POST]: /tickets
2025-03-20T20:34:44.734Z [error]: jwt malformed
2025-03-20T20:34:44.810Z [info]: [POST]: /tickets
2025-03-20T20:34:44.871Z [info]: [POST]: /tickets
2025-03-20T20:34:44.872Z [error]: jwt malformed
2025-03-20T20:34:44.965Z [info]: [POST]: /tickets
2025-03-20T20:34:45.057Z [info]: [GET]: /tickets/ticket?status=Pending
2025-03-20T20:34:45.165Z [info]: [GET]: /tickets/ticket
2025-03-20T20:34:45.258Z [info]: [GET]: /tickets/ticket?status=Pending
2025-03-20T20:34:45.259Z [error]: jwt malformed
2025-03-20T20:34:45.336Z [info]: [PUT]: /tickets/ticket/95575fac-7176-40ff-86c4-f2700241cc6a/status
2025-03-20T20:34:45.429Z [info]: [PUT]: /tickets/ticket/577011cc-03f4-488e-ab7c-5ebebb9cc3c7/status
2025-03-20T20:34:45.535Z [info]: [PUT]: /tickets/ticket/4e9372bb-18be-4aa2-ae03-c71b97d5ebd0/status
2025-03-20T20:34:45.645Z [info]: [PUT]: /tickets/ticket/4e9372bb/status
2025-03-20T20:34:45.752Z [info]: [PUT]: /tickets/ticket/4e9372bb-18be-4aa2-ae03-c71b97d5ebd0/status
2025-03-20T20:34:45.830Z [info]: [PUT]: /tickets/ticket/4e9372bb-18be-4aa2-ae03-c71b97d5ebd0/status
2025-03-20T20:34:45.894Z [info]: [PUT]: /tickets/ticket/da3e7d82-729a-4fc0-aa3c-b3953398cf01/status
2025-03-20T20:34:45.895Z [error]: jwt malformed
2025-03-20T20:34:45.957Z [info]: [PUT]: /tickets/ticket/a8cb610d-dc62-4b5e-b614-d2716fe0d5d6/status
2025-03-20T20:34:46.079Z [info]: [GET]: /tickets/user
2025-03-20T20:34:46.185Z [info]: [GET]: /tickets/user?type=Travel
2025-03-20T20:34:46.186Z [error]: jwt malformed
2025-03-20T20:34:46.248Z [info]: [GET]: /tickets/user?type=sleep
2025-03-20T20:34:46.248Z [error]: jwt malformed
2025-03-20T20:34:46.341Z [info]: [PUT]: /users/user/25a3da5e-9978-4609-969e-f04db30a2781/role
2025-03-20T20:34:46.494Z [info]: [PUT]: /users/user/66b7926c-3240-4772-bff6-2d0ce555acfb/role
2025-03-20T20:34:46.630Z [info]: [PUT]: /users/user/25a3da5e-9978-4609-969e-f04db30a2781/role
2025-03-20T20:34:46.631Z [error]: jwt malformed
2025-03-20T20:34:46.722Z [info]: [PUT]: /users/user/25a3da5e-9978-4609-969e-f04db30a2781/role
2025-03-20T20:34:46.798Z [info]: [PUT]: /users/user/25a3da5e-9978-4609-969e-f04db30a2781/role
2025-03-20T20:34:46.860Z [info]: [PUT]: /users/user/45/role
2025-03-20T20:34:46.953Z [info]: [PUT]: /users/user/account
2025-03-20T20:34:46.954Z [error]: jwt malformed
2025-03-20T20:34:47.015Z [info]: [PUT]: /users/user/account
2025-03-20T20:34:47.016Z [error]: jwt malformed
2025-03-20T20:34:47.093Z [info]: [PUT]: /users/user/account
2025-03-20T20:34:47.094Z [error]: jwt malformed
2025-03-20T20:34:47.170Z [info]: [PUT]: /users/user/account
2025-03-20T20:34:47.171Z [error]: jwt malformed
2025-03-20T20:35:03.988Z [info]: [POST]: /users/user/login
2025-03-20T20:35:06.122Z [info]: [POST]: /users/user/login
2025-03-20T20:35:13.333Z [info]: [POST]: /users/user/login
2025-03-20T20:35:13.471Z [info]: [POST]: /users/user/login
2025-03-20T20:35:13.581Z [info]: [POST]: /users
2025-03-20T20:35:13.781Z [info]: [POST]: /users
2025-03-20T20:35:13.873Z [info]: [POST]: /users
2025-03-20T20:35:14.028Z [info]: [POST]: /users/user/login
2025-03-20T20:35:14.184Z [info]: [POST]: /users/user/login
2025-03-20T20:35:14.338Z [info]: [POST]: /users/user/login
2025-03-20T20:35:14.415Z [info]: [POST]: /tickets
2025-03-20T20:35:14.416Z [error]: jwt malformed
2025-03-20T20:35:14.491Z [info]: [POST]: /tickets
2025-03-20T20:35:14.584Z [info]: [POST]: /tickets
2025-03-20T20:35:14.585Z [error]: jwt malformed
2025-03-20T20:35:14.676Z [info]: [POST]: /tickets
2025-03-20T20:35:14.753Z [info]: [GET]: /tickets/ticket?status=Pending
2025-03-20T20:35:14.862Z [info]: [GET]: /tickets/ticket
2025-03-20T20:35:14.940Z [info]: [GET]: /tickets/ticket?status=Pending
2025-03-20T20:35:14.941Z [error]: jwt malformed
2025-03-20T20:35:15.002Z [info]: [PUT]: /tickets/ticket/95575fac-7176-40ff-86c4-f2700241cc6a/status
2025-03-20T20:35:15.125Z [info]: [PUT]: /tickets/ticket/577011cc-03f4-488e-ab7c-5ebebb9cc3c7/status
2025-03-20T20:35:15.248Z [info]: [PUT]: /tickets/ticket/4e9372bb-18be-4aa2-ae03-c71b97d5ebd0/status
2025-03-20T20:35:15.370Z [info]: [PUT]: /tickets/ticket/4e9372bb/status
2025-03-20T20:35:15.479Z [info]: [PUT]: /tickets/ticket/4e9372bb-18be-4aa2-ae03-c71b97d5ebd0/status
2025-03-20T20:35:15.574Z [info]: [PUT]: /tickets/ticket/4e9372bb-18be-4aa2-ae03-c71b97d5ebd0/status
2025-03-20T20:35:15.665Z [info]: [PUT]: /tickets/ticket/da3e7d82-729a-4fc0-aa3c-b3953398cf01/status
2025-03-20T20:35:15.665Z [error]: jwt malformed
2025-03-20T20:35:15.742Z [info]: [PUT]: /tickets/ticket/a8cb610d-dc62-4b5e-b614-d2716fe0d5d6/status
2025-03-20T20:35:15.849Z [info]: [GET]: /tickets/user
2025-03-20T20:35:15.972Z [info]: [GET]: /tickets/user?type=Travel
2025-03-20T20:35:15.972Z [error]: jwt malformed
2025-03-20T20:35:16.049Z [info]: [GET]: /tickets/user?type=sleep
2025-03-20T20:35:16.050Z [error]: jwt malformed
2025-03-20T20:35:16.141Z [info]: [PUT]: /users/user/25a3da5e-9978-4609-969e-f04db30a2781/role
2025-03-20T20:35:16.268Z [info]: [PUT]: /users/user/66b7926c-3240-4772-bff6-2d0ce555acfb/role
2025-03-20T20:35:16.405Z [info]: [PUT]: /users/user/25a3da5e-9978-4609-969e-f04db30a2781/role
2025-03-20T20:35:16.405Z [error]: jwt malformed
2025-03-20T20:35:16.482Z [info]: [PUT]: /users/user/25a3da5e-9978-4609-969e-f04db30a2781/role
2025-03-20T20:35:16.559Z [info]: [PUT]: /users/user/25a3da5e-9978-4609-969e-f04db30a2781/role
2025-03-20T20:35:16.636Z [info]: [PUT]: /users/user/45/role
2025-03-20T20:35:16.745Z [info]: [PUT]: /users/user/account
2025-03-20T20:35:16.745Z [error]: jwt malformed
2025-03-20T20:35:16.836Z [info]: [PUT]: /users/user/account
2025-03-20T20:35:16.837Z [error]: jwt malformed
2025-03-20T20:35:16.898Z [info]: [PUT]: /users/user/account
2025-03-20T20:35:16.898Z [error]: jwt malformed
2025-03-20T20:35:16.990Z [info]: [PUT]: /users/user/account
2025-03-20T20:35:16.991Z [error]: jwt malformed
2025-03-20T20:35:28.935Z [info]: [POST]: /tickets
2025-03-20T20:35:28.936Z [error]: jwt malformed
2025-03-20T20:37:12.882Z [info]: [POST]: /users/user/login
2025-03-20T20:37:41.974Z [info]: [POST]: /users/user/login
2025-03-20T20:38:08.518Z [info]: [POST]: /users/user/login
2025-03-20T20:40:01.813Z [info]: [POST]: /users
2025-03-20T20:45:28.345Z [info]: [POST]: /users/user/login
2025-03-20T20:46:28.425Z [info]: [POST]: /users/user/login
2025-03-20T20:46:28.603Z [info]: [POST]: /users/user/login
2025-03-20T20:46:28.758Z [info]: [POST]: /users
2025-03-20T20:46:28.944Z [info]: [POST]: /users
2025-03-20T20:46:29.035Z [info]: [POST]: /users
2025-03-20T20:46:29.161Z [info]: [POST]: /users/user/login
2025-03-20T20:46:29.315Z [info]: [POST]: /users/user/login
2025-03-20T20:46:29.484Z [info]: [POST]: /users/user/login
2025-03-20T20:46:29.563Z [info]: [POST]: /tickets
2025-03-20T20:46:29.701Z [info]: [POST]: /tickets
2025-03-20T20:46:29.763Z [info]: [POST]: /tickets
2025-03-20T20:46:29.764Z [error]: jwt malformed
2025-03-20T20:46:29.842Z [info]: [POST]: /tickets
2025-03-20T20:46:29.934Z [info]: [GET]: /tickets/ticket?status=Pending
2025-03-20T20:46:30.028Z [info]: [GET]: /tickets/ticket
2025-03-20T20:46:30.089Z [info]: [GET]: /tickets/ticket?status=Pending
2025-03-20T20:46:30.183Z [info]: [PUT]: /tickets/ticket/95575fac-7176-40ff-86c4-f2700241cc6a/status
2025-03-20T20:46:30.306Z [info]: [PUT]: /tickets/ticket/577011cc-03f4-488e-ab7c-5ebebb9cc3c7/status
2025-03-20T20:46:30.428Z [info]: [PUT]: /tickets/ticket/4e9372bb-18be-4aa2-ae03-c71b97d5ebd0/status
2025-03-20T20:46:30.550Z [info]: [PUT]: /tickets/ticket/4e9372bb/status
2025-03-20T20:46:30.659Z [info]: [PUT]: /tickets/ticket/4e9372bb-18be-4aa2-ae03-c71b97d5ebd0/status
2025-03-20T20:46:30.752Z [info]: [PUT]: /tickets/ticket/4e9372bb-18be-4aa2-ae03-c71b97d5ebd0/status
2025-03-20T20:46:30.832Z [info]: [PUT]: /tickets/ticket/da3e7d82-729a-4fc0-aa3c-b3953398cf01/status
2025-03-20T20:46:30.922Z [info]: [PUT]: /tickets/ticket/a8cb610d-dc62-4b5e-b614-d2716fe0d5d6/status
2025-03-20T20:46:31.029Z [info]: [GET]: /tickets/user
2025-03-20T20:46:31.137Z [info]: [GET]: /tickets/user?type=Travel
2025-03-20T20:46:31.245Z [info]: [GET]: /tickets/user?type=sleep
2025-03-20T20:46:31.338Z [info]: [PUT]: /users/user/25a3da5e-9978-4609-969e-f04db30a2781/role
2025-03-20T20:46:31.509Z [info]: [PUT]: /users/user/66b7926c-3240-4772-bff6-2d0ce555acfb/role
2025-03-20T20:46:31.634Z [info]: [PUT]: /users/user/25a3da5e-9978-4609-969e-f04db30a2781/role
2025-03-20T20:46:31.711Z [info]: [PUT]: /users/user/25a3da5e-9978-4609-969e-f04db30a2781/role
2025-03-20T20:46:31.773Z [info]: [PUT]: /users/user/25a3da5e-9978-4609-969e-f04db30a2781/role
2025-03-20T20:46:31.849Z [info]: [PUT]: /users/user/45/role
2025-03-20T20:46:31.942Z [info]: [PUT]: /users/user/account
2025-03-20T20:46:32.144Z [info]: [PUT]: /users/user/account
2025-03-20T20:46:32.252Z [info]: [PUT]: /users/user/account
2025-03-20T20:46:32.331Z [info]: [PUT]: /users/user/account
2025-03-20T20:48:11.979Z [info]: [POST]: /users/user/login
2025-03-20T20:48:12.290Z [info]: [POST]: /users/user/login
2025-03-20T20:48:12.431Z [info]: [POST]: /users
2025-03-20T20:48:12.632Z [info]: [POST]: /users
2025-03-20T20:48:12.693Z [info]: [POST]: /users
2025-03-20T20:48:12.850Z [info]: [POST]: /users/user/login
2025-03-20T20:48:13.005Z [info]: [POST]: /users/user/login
2025-03-20T20:48:13.144Z [info]: [POST]: /users/user/login
2025-03-20T20:48:13.222Z [info]: [POST]: /tickets
2025-03-20T20:48:13.360Z [info]: [POST]: /tickets
2025-03-20T20:48:13.437Z [info]: [POST]: /tickets
2025-03-20T20:48:13.438Z [error]: jwt malformed
2025-03-20T20:48:13.530Z [info]: [POST]: /tickets
2025-03-20T20:48:13.607Z [info]: [GET]: /tickets/ticket?status=Pending
2025-03-20T20:48:13.701Z [info]: [GET]: /tickets/ticket
2025-03-20T20:48:13.745Z [info]: [GET]: /tickets/ticket?status=Pending
2025-03-20T20:48:13.838Z [info]: [PUT]: /tickets/ticket/95575fac-7176-40ff-86c4-f2700241cc6a/status
2025-03-20T20:48:13.992Z [info]: [PUT]: /tickets/ticket/577011cc-03f4-488e-ab7c-5ebebb9cc3c7/status
2025-03-20T20:48:14.130Z [info]: [PUT]: /tickets/ticket/4e9372bb-18be-4aa2-ae03-c71b97d5ebd0/status
2025-03-20T20:48:14.254Z [info]: [PUT]: /tickets/ticket/4e9372bb/status
2025-03-20T20:48:14.345Z [info]: [PUT]: /tickets/ticket/4e9372bb-18be-4aa2-ae03-c71b97d5ebd0/status
2025-03-20T20:48:14.422Z [info]: [PUT]: /tickets/ticket/4e9372bb-18be-4aa2-ae03-c71b97d5ebd0/status
2025-03-20T20:48:14.516Z [info]: [PUT]: /tickets/ticket/da3e7d82-729a-4fc0-aa3c-b3953398cf01/status
2025-03-20T20:48:14.607Z [info]: [PUT]: /tickets/ticket/a8cb610d-dc62-4b5e-b614-d2716fe0d5d6/status
2025-03-20T20:48:14.716Z [info]: [GET]: /tickets/user
2025-03-20T20:48:14.822Z [info]: [GET]: /tickets/user?type=Travel
2025-03-20T20:48:14.932Z [info]: [GET]: /tickets/user?type=sleep
2025-03-20T20:48:15.008Z [info]: [PUT]: /users/user/25a3da5e-9978-4609-969e-f04db30a2781/role
2025-03-20T20:48:15.150Z [info]: [PUT]: /users/user/66b7926c-3240-4772-bff6-2d0ce555acfb/role
2025-03-20T20:48:15.288Z [info]: [PUT]: /users/user/25a3da5e-9978-4609-969e-f04db30a2781/role
2025-03-20T20:48:15.383Z [info]: [PUT]: /users/user/25a3da5e-9978-4609-969e-f04db30a2781/role
2025-03-20T20:48:15.460Z [info]: [PUT]: /users/user/25a3da5e-9978-4609-969e-f04db30a2781/role
2025-03-20T20:48:15.555Z [info]: [PUT]: /users/user/45/role
2025-03-20T20:48:15.663Z [info]: [PUT]: /users/user/account
2025-03-20T20:48:15.848Z [info]: [PUT]: /users/user/account
2025-03-20T20:48:15.971Z [info]: [PUT]: /users/user/account
2025-03-20T20:48:16.065Z [info]: [PUT]: /users/user/account
2025-03-20T20:48:33.740Z [error]: Testing Error
2025-03-20T20:51:52.626Z [error]: Testing Error
2025-03-20T20:51:56.401Z [info]: Server is listening on http://localhost:8000
2025-03-20T20:51:59.572Z [info]: [GET]: /tickets/user?type=Travel
2025-03-20T20:52:28.338Z [info]: [GET]: /tickets/user?type=Travel
2025-03-20T20:52:47.959Z [info]: [GET]: /tickets/user?type=sleep
2025-03-20T20:53:12.231Z [info]: [GET]: /tickets/user?type=sleep
2025-03-20T20:53:29.993Z [info]: [GET]: /tickets/user?type=sleep
2025-03-20T20:53:54.753Z [info]: [GET]: /tickets/user?type=sleep
2025-03-20T20:54:03.854Z [info]: [POST]: /users/user/25a3da5e-9978-4609-969e-f04db30a2781/role
2025-03-20T20:54:03.951Z [info]: [POST]: /users/user/25a3da5e-9978-4609-969e-f04db30a2781/role
2025-03-20T20:54:19.001Z [info]: [PUT]: /users/user/25a3da5e-9978-4609-969e-f04db30a2781/role
2025-03-20T20:55:39.395Z [info]: [PUT]: /users/user/25a3da5e-9978-4609-969e-f04db30a2781/role
2025-03-20T20:55:47.430Z [info]: [PUT]: /users/user/66b7926c-3240-4772-bff6-2d0ce555acfb/role
2025-03-20T20:56:04.744Z [info]: [PUT]: /users/user/66b7926c-3240-4772-bff6-2d0ce555acfb/role
2025-03-20T20:56:13.955Z [info]: [PUT]: /users/user/25a3da5e-9978-4609-969e-f04db30a2781/role
2025-03-20T20:56:23.555Z [info]: [PUT]: /users/user/25a3da5e-9978-4609-969e-f04db30a2781/role
2025-03-20T20:56:35.433Z [info]: [PUT]: /users/user/25a3da5e-9978-4609-969e-f04db30a2781/role
2025-03-20T20:56:46.022Z [info]: [PUT]: /users/user/25a3da5e-9978-4609-969e-f04db30a2781/role
2025-03-20T20:57:46.439Z [info]: [PUT]: /users/user/25a3da5e-9978-4609-969e-f04db30a2781/role
2025-03-20T20:58:15.942Z [info]: [PUT]: /users/user/25a3da5e-9978-4609-969e-f04db30a2781/role
2025-03-20T20:58:28.331Z [info]: [PUT]: /users/user/25a3da5e-9978-4609-969e-f04db30a2781/role
2025-03-20T20:58:57.214Z [info]: [PUT]: /users/user/25a3da5e-9978-4609-969e-f04db30a2781/role
2025-03-20T20:59:03.162Z [info]: [PUT]: /users/user/45/role
2025-03-20T20:59:15.740Z [info]: [PUT]: /users/user/45/role
2025-03-20T20:59:24.076Z [info]: [PUT]: /users/user/25a3da5e-9978-4609-969e-f04db30a2781/role
2025-03-20T21:02:13.642Z [info]: [POST]: /users/user/login
2025-03-20T21:02:13.953Z [info]: [POST]: /users/user/login
2025-03-20T21:02:14.076Z [info]: [POST]: /users
2025-03-20T21:02:14.261Z [info]: [POST]: /users
2025-03-20T21:02:14.352Z [info]: [POST]: /users
2025-03-20T21:02:14.510Z [info]: [POST]: /users/user/login
2025-03-20T21:02:14.647Z [info]: [POST]: /users/user/login
2025-03-20T21:02:14.801Z [info]: [POST]: /users/user/login
2025-03-20T21:02:14.877Z [info]: [POST]: /tickets
2025-03-20T21:02:15.032Z [info]: [POST]: /tickets
2025-03-20T21:02:15.110Z [info]: [POST]: /tickets
2025-03-20T21:02:15.111Z [error]: jwt malformed
2025-03-20T21:02:15.185Z [info]: [POST]: /tickets
2025-03-20T21:02:15.248Z [info]: [GET]: /tickets/ticket?status=Pending
2025-03-20T21:02:15.343Z [info]: [GET]: /tickets/ticket
2025-03-20T21:02:15.403Z [info]: [GET]: /tickets/ticket?status=Pending
2025-03-20T21:02:15.482Z [info]: [PUT]: /tickets/ticket/95575fac-7176-40ff-86c4-f2700241cc6a/status
2025-03-20T21:02:15.634Z [info]: [PUT]: /tickets/ticket/577011cc-03f4-488e-ab7c-5ebebb9cc3c7/status
2025-03-20T21:02:15.790Z [info]: [PUT]: /tickets/ticket/4e9372bb-18be-4aa2-ae03-c71b97d5ebd0/status
2025-03-20T21:02:15.899Z [info]: [PUT]: /tickets/ticket/4e9372bb/status
2025-03-20T21:02:16.022Z [info]: [PUT]: /tickets/ticket/4e9372bb-18be-4aa2-ae03-c71b97d5ebd0/status
2025-03-20T21:02:16.097Z [info]: [PUT]: /tickets/ticket/4e9372bb-18be-4aa2-ae03-c71b97d5ebd0/status
2025-03-20T21:02:16.176Z [info]: [PUT]: /tickets/ticket/da3e7d82-729a-4fc0-aa3c-b3953398cf01/status
2025-03-20T21:02:16.254Z [info]: [PUT]: /tickets/ticket/a8cb610d-dc62-4b5e-b614-d2716fe0d5d6/status
2025-03-20T21:02:16.362Z [info]: [GET]: /tickets/user
2025-03-20T21:02:16.456Z [info]: [GET]: /tickets/user?type=Travel
2025-03-20T21:02:16.580Z [info]: [GET]: /tickets/user?type=sleep
2025-03-20T21:02:16.658Z [info]: [PUT]: /users/user/25a3da5e-9978-4609-969e-f04db30a2781/role
2025-03-20T21:02:16.795Z [info]: [PUT]: /users/user/66b7926c-3240-4772-bff6-2d0ce555acfb/role
2025-03-20T21:02:16.933Z [info]: [PUT]: /users/user/25a3da5e-9978-4609-969e-f04db30a2781/role
2025-03-20T21:02:17.011Z [info]: [PUT]: /users/user/25a3da5e-9978-4609-969e-f04db30a2781/role
2025-03-20T21:02:17.088Z [info]: [PUT]: /users/user/25a3da5e-9978-4609-969e-f04db30a2781/role
2025-03-20T21:02:17.150Z [info]: [PUT]: /users/user/45/role
2025-03-20T21:02:17.242Z [info]: [PUT]: /users/user/account
2025-03-20T21:02:17.427Z [info]: [PUT]: /users/user/account
2025-03-20T21:02:17.534Z [info]: [PUT]: /users/user/account
2025-03-20T21:02:17.612Z [info]: [PUT]: /users/user/account
2025-03-21T13:13:33.920Z [info]: Server is listening on http://localhost:8000
2025-03-21T13:13:40.420Z [info]: [POST]: /users
2025-03-21T13:15:35.652Z [info]: [POST]: /users/user/login
2025-03-21T13:17:06.728Z [info]: [POST]: /users/user/login
2025-03-21T13:17:39.989Z [info]: [POST]: /users/user/login
2025-03-21T13:17:44.753Z [info]: [PUT]: /users/user/25a3da5e-9978-4609-969e-f04db30a2781/role
2025-03-21T13:18:06.249Z [info]: [PUT]: /users/user/765d2492-e142-4a13-9402-66c1ec3bc433/role
2025-03-21T13:18:58.736Z [info]: [PUT]: /users/user/a652bc93-c768-4cc1-ae9b-0580e3dadcb8/role
2025-03-21T13:22:33.078Z [info]: [POST]: /users/user/login
2025-03-21T13:22:33.310Z [info]: [POST]: /users/user/login
2025-03-21T13:22:33.448Z [info]: [POST]: /users
2025-03-21T13:22:33.648Z [info]: [POST]: /users
2025-03-21T13:22:33.727Z [info]: [POST]: /users
2025-03-21T13:22:33.897Z [info]: [POST]: /users/user/login
2025-03-21T13:22:34.051Z [info]: [POST]: /users/user/login
2025-03-21T13:22:34.177Z [info]: [POST]: /users/user/login
2025-03-21T13:22:34.228Z [info]: [POST]: /tickets
2025-03-21T13:22:34.366Z [info]: [POST]: /tickets
2025-03-21T13:22:34.443Z [info]: [POST]: /tickets
2025-03-21T13:22:34.444Z [error]: jwt malformed
2025-03-21T13:22:34.505Z [info]: [POST]: /tickets
2025-03-21T13:22:34.570Z [info]: [GET]: /tickets/ticket?status=Pending
2025-03-21T13:22:34.691Z [info]: [GET]: /tickets/ticket
2025-03-21T13:22:34.770Z [info]: [GET]: /tickets/ticket?status=Pending
2025-03-21T13:22:34.816Z [info]: [PUT]: /tickets/ticket/95575fac-7176-40ff-86c4-f2700241cc6a/status
2025-03-21T13:22:34.925Z [info]: [PUT]: /tickets/ticket/577011cc-03f4-488e-ab7c-5ebebb9cc3c7/status
2025-03-21T13:22:35.017Z [info]: [PUT]: /tickets/ticket/4e9372bb-18be-4aa2-ae03-c71b97d5ebd0/status
2025-03-21T13:22:35.142Z [info]: [PUT]: /tickets/ticket/4e9372bb/status
2025-03-21T13:22:35.252Z [info]: [PUT]: /tickets/ticket/4e9372bb-18be-4aa2-ae03-c71b97d5ebd0/status
2025-03-21T13:22:35.328Z [info]: [PUT]: /tickets/ticket/4e9372bb-18be-4aa2-ae03-c71b97d5ebd0/status
2025-03-21T13:22:35.421Z [info]: [PUT]: /tickets/ticket/da3e7d82-729a-4fc0-aa3c-b3953398cf01/status
2025-03-21T13:22:35.513Z [info]: [PUT]: /tickets/ticket/a8cb610d-dc62-4b5e-b614-d2716fe0d5d6/status
2025-03-21T13:22:35.606Z [info]: [GET]: /tickets/user
2025-03-21T13:22:35.729Z [info]: [GET]: /tickets/user?type=Travel
2025-03-21T13:22:35.823Z [info]: [GET]: /tickets/user?type=sleep
2025-03-21T13:22:35.901Z [info]: [PUT]: /users/user/765d2492-e142-4a13-9402-66c1ec3bc433/role
2025-03-21T13:22:36.056Z [info]: [PUT]: /users/user/a652bc93-c768-4cc1-ae9b-0580e3dadcb8/role
2025-03-21T13:22:36.210Z [info]: [PUT]: /users/user/25a3da5e-9978-4609-969e-f04db30a2781/role
2025-03-21T13:22:36.285Z [info]: [PUT]: /users/user/25a3da5e-9978-4609-969e-f04db30a2781/role
2025-03-21T13:22:36.348Z [info]: [PUT]: /users/user/25a3da5e-9978-4609-969e-f04db30a2781/role
2025-03-21T13:22:36.441Z [info]: [PUT]: /users/user/45/role
2025-03-21T13:22:36.550Z [info]: [PUT]: /users/user/account
2025-03-21T13:22:36.754Z [info]: [PUT]: /users/user/account
2025-03-21T13:22:36.861Z [info]: [PUT]: /users/user/account
2025-03-21T13:22:36.940Z [info]: [PUT]: /users/user/account
2025-03-21T13:27:00.000Z [info]: [POST]: /users/user/login
2025-03-21T13:27:00.278Z [info]: [POST]: /users/user/login
2025-03-21T13:27:00.416Z [info]: [POST]: /users
2025-03-21T13:27:00.618Z [info]: [POST]: /users
2025-03-21T13:27:00.697Z [info]: [POST]: /users
2025-03-21T13:27:00.851Z [info]: [POST]: /users/user/login
2025-03-21T13:27:01.005Z [info]: [POST]: /users/user/login
2025-03-21T13:27:01.164Z [info]: [POST]: /users/user/login
2025-03-21T13:27:01.226Z [info]: [POST]: /tickets
2025-03-21T13:27:01.366Z [info]: [POST]: /tickets
2025-03-21T13:27:01.443Z [info]: [POST]: /tickets
2025-03-21T13:27:01.443Z [error]: jwt malformed
2025-03-21T13:27:01.520Z [info]: [POST]: /tickets
2025-03-21T13:27:01.599Z [info]: [GET]: /tickets/ticket?status=Pending
2025-03-21T13:27:01.691Z [info]: [GET]: /tickets/ticket
2025-03-21T13:27:01.769Z [info]: [GET]: /tickets/ticket?status=Pending
2025-03-21T13:27:01.863Z [info]: [PUT]: /tickets/ticket/d5a2f318-fed3-473b-b2b5-a099cbf3c026/status
2025-03-21T13:27:02.034Z [info]: [PUT]: /tickets/ticket/7b43c98a-4c60-463e-8ea3-95bc2db3358f/status
2025-03-21T13:27:02.193Z [info]: [PUT]: /tickets/ticket/4e9372bb-18be-4aa2-ae03-c71b97d5ebd0/status
2025-03-21T13:27:02.285Z [info]: [PUT]: /tickets/ticket/4e9372bb/status
2025-03-21T13:27:02.395Z [info]: [PUT]: /tickets/ticket/4e9372bb-18be-4aa2-ae03-c71b97d5ebd0/status
2025-03-21T13:27:02.472Z [info]: [PUT]: /tickets/ticket/4e9372bb-18be-4aa2-ae03-c71b97d5ebd0/status
2025-03-21T13:27:02.550Z [info]: [PUT]: /tickets/ticket/da3e7d82-729a-4fc0-aa3c-b3953398cf01/status
2025-03-21T13:27:02.612Z [info]: [PUT]: /tickets/ticket/a8cb610d-dc62-4b5e-b614-d2716fe0d5d6/status
2025-03-21T13:27:02.734Z [info]: [GET]: /tickets/user
2025-03-21T13:27:02.858Z [info]: [GET]: /tickets/user?type=Travel
2025-03-21T13:27:02.951Z [info]: [GET]: /tickets/user?type=sleep
2025-03-21T13:27:03.011Z [info]: [PUT]: /users/user/765d2492-e142-4a13-9402-66c1ec3bc433/role
2025-03-21T13:27:03.169Z [info]: [PUT]: /users/user/a652bc93-c768-4cc1-ae9b-0580e3dadcb8/role
2025-03-21T13:27:03.309Z [info]: [PUT]: /users/user/25a3da5e-9978-4609-969e-f04db30a2781/role
2025-03-21T13:27:03.387Z [info]: [PUT]: /users/user/25a3da5e-9978-4609-969e-f04db30a2781/role
2025-03-21T13:27:03.483Z [info]: [PUT]: /users/user/25a3da5e-9978-4609-969e-f04db30a2781/role
2025-03-21T13:27:03.559Z [info]: [PUT]: /users/user/45/role
2025-03-21T13:27:03.684Z [info]: [PUT]: /users/user/account
2025-03-21T13:27:03.857Z [info]: [PUT]: /users/user/account
2025-03-21T13:27:03.983Z [info]: [PUT]: /users/user/account
2025-03-21T13:27:04.074Z [info]: [PUT]: /users/user/account
2025-03-21T13:28:15.124Z [info]: [PUT]: /users/user/765d2492-e142-4a13-9402-66c1ec3bc433/role
2025-03-21T13:29:47.486Z [info]: [PUT]: /users/user/account
2025-03-21T13:37:47.498Z [error]: Testing Error
2025-03-21T13:39:01.095Z [error]: Testing Error
